tagline-traders-api-2021-04-25 00:03:48 [RMI TCP Connection(20)-127.0.0.1] INFO  o.s.b.a.SpringApplicationAdminMXBeanRegistrar$SpringApplicationAdmin - Application shutdown requested.
tagline-traders-api-2021-04-25 00:03:48 [RMI TCP Connection(20)-127.0.0.1] INFO  o.s.s.c.ThreadPoolTaskExecutor - Shutting down ExecutorService 'applicationTaskExecutor'
tagline-traders-api-2021-04-25 00:03:48 [RMI TCP Connection(20)-127.0.0.1] INFO  o.s.o.j.LocalContainerEntityManagerFactoryBean - Closing JPA EntityManagerFactory for persistence unit 'default'
tagline-traders-api-2021-04-25 00:03:49 [RMI TCP Connection(20)-127.0.0.1] INFO  com.zaxxer.hikari.HikariDataSource - HikariPool-1 - Shutdown initiated...
tagline-traders-api-2021-04-25 00:03:49 [RMI TCP Connection(20)-127.0.0.1] INFO  com.zaxxer.hikari.HikariDataSource - HikariPool-1 - Shutdown completed.
tagline-traders-api-2021-04-25 17:29:51 [main] WARN  o.s.b.t.j.DuplicateJsonObjectContextCustomizerFactory$DuplicateJsonObjectContextCustomizer - 

Found multiple occurrences of org.json.JSONObject on the class path:

	jar:file:/C:/Users/sunil%20kumar/.m2/repository/org/json/json/20180813/json-20180813.jar!/org/json/JSONObject.class
	jar:file:/C:/Users/sunil%20kumar/.m2/repository/com/vaadin/external/google/android-json/0.0.20131108.vaadin1/android-json-0.0.20131108.vaadin1.jar!/org/json/JSONObject.class

You may wish to exclude one of them to ensure predictable runtime behavior

tagline-traders-api-2021-04-25 17:29:51 [main] INFO  c.v.a.TaglineTradersApiApplicationTests - Starting TaglineTradersApiApplicationTests on LAPTOP-64GATL7J with PID 24696 (started by sunil kumar in D:\Work\Vishudha\java-workspace\tagline-traders-api)
tagline-traders-api-2021-04-25 17:29:51 [main] INFO  c.v.a.TaglineTradersApiApplicationTests - No active profile set, falling back to default profiles: default
tagline-traders-api-2021-04-25 17:29:58 [main] INFO  o.s.d.r.c.RepositoryConfigurationDelegate - Bootstrapping Spring Data JPA repositories in DEFAULT mode.
tagline-traders-api-2021-04-25 17:29:58 [main] INFO  o.s.d.r.c.RepositoryConfigurationDelegate - Finished Spring Data repository scanning in 524ms. Found 12 JPA repository interfaces.
tagline-traders-api-2021-04-25 17:30:03 [main] INFO  o.h.jpa.internal.util.LogHelper - HHH000204: Processing PersistenceUnitInfo [name: default]
tagline-traders-api-2021-04-25 17:30:03 [main] INFO  org.hibernate.Version - HHH000412: Hibernate ORM core version 5.4.27.Final
tagline-traders-api-2021-04-25 17:30:04 [main] INFO  o.h.annotations.common.Version - HCANN000001: Hibernate Commons Annotations {5.1.2.Final}
tagline-traders-api-2021-04-25 17:30:07 [main] INFO  com.zaxxer.hikari.HikariDataSource - HikariPool-1 - Starting...
tagline-traders-api-2021-04-25 17:30:09 [main] INFO  com.zaxxer.hikari.HikariDataSource - HikariPool-1 - Start completed.
tagline-traders-api-2021-04-25 17:30:09 [main] INFO  org.hibernate.dialect.Dialect - HHH000400: Using dialect: org.hibernate.dialect.PostgreSQLDialect
tagline-traders-api-2021-04-25 17:30:22 [main] INFO  o.h.e.t.j.p.i.JtaPlatformInitiator - HHH000490: Using JtaPlatform implementation: [org.hibernate.engine.transaction.jta.platform.internal.NoJtaPlatform]
tagline-traders-api-2021-04-25 17:30:22 [main] INFO  o.s.o.j.LocalContainerEntityManagerFactoryBean - Initialized JPA EntityManagerFactory for persistence unit 'default'
tagline-traders-api-2021-04-25 17:30:28 [main] WARN  o.s.b.a.o.j.JpaBaseConfiguration$JpaWebConfiguration - spring.jpa.open-in-view is enabled by default. Therefore, database queries may be performed during view rendering. Explicitly configure spring.jpa.open-in-view to disable this warning
tagline-traders-api-2021-04-25 17:30:32 [main] INFO  o.s.b.a.e.web.EndpointLinksResolver - Exposing 2 endpoint(s) beneath base path '/actuator'
tagline-traders-api-2021-04-25 17:30:32 [main] WARN  o.s.d.r.webmvc.halbrowser.HalBrowser - ---
tagline-traders-api-2021-04-25 17:30:32 [main] WARN  o.s.d.r.webmvc.halbrowser.HalBrowser - Spring Data REST HAL Browser is deprecated! Prefer the HAL Explorer (artifactId: spring-data-rest-hal-explorer)!
tagline-traders-api-2021-04-25 17:30:32 [main] WARN  o.s.d.r.webmvc.halbrowser.HalBrowser - ---
tagline-traders-api-2021-04-25 17:30:34 [main] INFO  o.s.s.c.ThreadPoolTaskExecutor - Initializing ExecutorService 'applicationTaskExecutor'
tagline-traders-api-2021-04-25 17:30:47 [main] INFO  c.v.a.TaglineTradersApiApplicationTests - Started TaglineTradersApiApplicationTests in 57.109 seconds (JVM running for 61.655)
tagline-traders-api-2021-04-25 17:30:48 [SpringContextShutdownHook] INFO  o.s.s.c.ThreadPoolTaskExecutor - Shutting down ExecutorService 'applicationTaskExecutor'
tagline-traders-api-2021-04-25 17:30:48 [SpringContextShutdownHook] INFO  o.s.o.j.LocalContainerEntityManagerFactoryBean - Closing JPA EntityManagerFactory for persistence unit 'default'
tagline-traders-api-2021-04-25 17:30:48 [SpringContextShutdownHook] INFO  com.zaxxer.hikari.HikariDataSource - HikariPool-1 - Shutdown initiated...
tagline-traders-api-2021-04-25 17:30:48 [SpringContextShutdownHook] INFO  com.zaxxer.hikari.HikariDataSource - HikariPool-1 - Shutdown completed.
