2021-03-12 06:57:56,880 INFO org.springframework.boot.StartupInfoLogger [restartedMain] Starting TaglineTradersApiApplication on LAPTOP-64GATL7J with PID 20100 (D:\Work\Vishudha\java-workspace\tagline-traders-api\target\classes started by sunil kumar in D:\Work\Vishudha\java-workspace\tagline-traders-api)
2021-03-12 06:57:56,884 DEBUG org.springframework.boot.StartupInfoLogger [restartedMain] Running with Spring Boot v2.3.8.RELEASE, Spring v5.2.12.RELEASE
2021-03-12 06:57:56,884 INFO org.springframework.boot.SpringApplication [restartedMain] No active profile set, falling back to default profiles: default
2021-03-12 06:58:15,200 WARN org.springframework.boot.autoconfigure.orm.jpa.JpaBaseConfiguration$JpaWebConfiguration [restartedMain] spring.jpa.open-in-view is enabled by default. Therefore, database queries may be performed during view rendering. Explicitly configure spring.jpa.open-in-view to disable this warning
2021-03-12 06:58:15,861 WARN org.springframework.data.rest.webmvc.halbrowser.HalBrowser [restartedMain] ---
2021-03-12 06:58:15,862 WARN org.springframework.data.rest.webmvc.halbrowser.HalBrowser [restartedMain] Spring Data REST HAL Browser is deprecated! Prefer the HAL Explorer (artifactId: spring-data-rest-hal-explorer)!
2021-03-12 06:58:15,862 WARN org.springframework.data.rest.webmvc.halbrowser.HalBrowser [restartedMain] ---
2021-03-12 06:58:18,412 INFO org.springframework.boot.StartupInfoLogger [restartedMain] Started TaglineTradersApiApplication in 21.928 seconds (JVM running for 22.823)
2021-03-12 06:59:52,201 INFO com.vtt.apps.controller.HelloController [http-nio-8080-exec-1] INFO-wish
2021-03-12 06:59:52,202 WARN com.vtt.apps.controller.HelloController [http-nio-8080-exec-1] WARN-wish
2021-03-12 06:59:52,203 TRACE com.vtt.apps.controller.HelloController [http-nio-8080-exec-1] TRACE-wish
2021-03-12 06:59:52,203 ERROR com.vtt.apps.controller.HelloController [http-nio-8080-exec-1] ERROR-wish
2021-03-12 06:59:52,204 DEBUG com.vtt.apps.controller.HelloController [http-nio-8080-exec-1] DEBUG-wish
2021-03-12 07:00:12,362 INFO com.vtt.apps.controller.HelloController [http-nio-8080-exec-3] INFO-wish
2021-03-12 07:00:12,363 WARN com.vtt.apps.controller.HelloController [http-nio-8080-exec-3] WARN-wish
2021-03-12 07:00:12,363 TRACE com.vtt.apps.controller.HelloController [http-nio-8080-exec-3] TRACE-wish
2021-03-12 07:00:12,364 ERROR com.vtt.apps.controller.HelloController [http-nio-8080-exec-3] ERROR-wish
2021-03-12 07:00:12,364 DEBUG com.vtt.apps.controller.HelloController [http-nio-8080-exec-3] DEBUG-wish
2021-03-12 08:19:59,026 WARN com.zaxxer.hikari.pool.HikariPool$HouseKeeper [HikariPool-1 housekeeper] HikariPool-1 - Thread starvation or clock leap detected (housekeeper delta=46m56s567ms37µs900ns).
2021-03-12 08:33:41,037 WARN com.zaxxer.hikari.pool.HikariPool$HouseKeeper [HikariPool-1 housekeeper] HikariPool-1 - Thread starvation or clock leap detected (housekeeper delta=11m13s789ms174µs901ns).
2021-03-12 19:40:53,260 INFO org.springframework.boot.StartupInfoLogger [restartedMain] Starting TaglineTradersApiApplication on LAPTOP-64GATL7J with PID 25544 (D:\Work\Vishudha\java-workspace\tagline-traders-api\target\classes started by sunil kumar in D:\Work\Vishudha\java-workspace\tagline-traders-api)
2021-03-12 19:40:53,275 DEBUG org.springframework.boot.StartupInfoLogger [restartedMain] Running with Spring Boot v2.3.8.RELEASE, Spring v5.2.12.RELEASE
2021-03-12 19:40:53,276 INFO org.springframework.boot.SpringApplication [restartedMain] No active profile set, falling back to default profiles: default
2021-03-12 19:41:01,017 WARN org.springframework.boot.autoconfigure.orm.jpa.JpaBaseConfiguration$JpaWebConfiguration [restartedMain] spring.jpa.open-in-view is enabled by default. Therefore, database queries may be performed during view rendering. Explicitly configure spring.jpa.open-in-view to disable this warning
2021-03-12 19:41:01,544 WARN org.springframework.data.rest.webmvc.halbrowser.HalBrowser [restartedMain] ---
2021-03-12 19:41:01,545 WARN org.springframework.data.rest.webmvc.halbrowser.HalBrowser [restartedMain] Spring Data REST HAL Browser is deprecated! Prefer the HAL Explorer (artifactId: spring-data-rest-hal-explorer)!
2021-03-12 19:41:01,545 WARN org.springframework.data.rest.webmvc.halbrowser.HalBrowser [restartedMain] ---
2021-03-12 19:41:04,463 INFO org.springframework.boot.StartupInfoLogger [restartedMain] Started TaglineTradersApiApplication in 11.73 seconds (JVM running for 12.595)
2021-03-12 22:34:00,511 WARN sun.util.logging.internal.LoggingProviderImpl$JULWrapper [RMI TCP Connection(38)-127.0.0.1] The server has decided to close this client connection.
2021-03-12 22:34:06,278 WARN com.zaxxer.hikari.pool.HikariPool$HouseKeeper [HikariPool-1 housekeeper] HikariPool-1 - Thread starvation or clock leap detected (housekeeper delta=2h18m37s41ms149µs501ns).
2021-03-12 22:47:50,878 INFO com.vtt.apps.controller.CategoryController [http-nio-8080-exec-2] Executing retrieveAll in CategoryController
2021-03-12 22:47:50,878 INFO com.vtt.apps.controller.ProductController [http-nio-8080-exec-1] Executing fetchBestSellerVttProducts in ProductController
2021-03-12 22:48:00,425 INFO com.vtt.apps.controller.ProductController [http-nio-8080-exec-3] Executing fetchBestSellerVttProducts in ProductController
2021-03-12 22:48:00,426 INFO com.vtt.apps.controller.CategoryController [http-nio-8080-exec-4] Executing retrieveAll in CategoryController
2021-03-12 22:48:10,060 INFO com.vtt.apps.controller.ProductController [http-nio-8080-exec-5] Executing fetchBestSellerVttProducts in ProductController
2021-03-12 22:48:10,060 INFO com.vtt.apps.controller.CategoryController [http-nio-8080-exec-6] Executing retrieveAll in CategoryController
2021-03-12 22:48:58,648 INFO com.vtt.apps.controller.CategoryController [http-nio-8080-exec-8] Executing retrieveAll in CategoryController
2021-03-12 22:48:58,648 INFO com.vtt.apps.controller.ProductController [http-nio-8080-exec-7] Executing fetchBestSellerVttProducts in ProductController
2021-03-12 22:51:11,180 INFO com.vtt.apps.controller.CategoryController [http-nio-8080-exec-10] Executing retrieveAll in CategoryController
2021-03-12 22:51:46,478 INFO com.vtt.apps.controller.UserDetailsController [http-nio-8080-exec-2] Executing retrieveAll in UsersController
2021-03-12 22:52:08,859 INFO org.springframework.boot.StartupInfoLogger [restartedMain] Starting TaglineTradersApiApplication on LAPTOP-64GATL7J with PID 23940 (D:\Work\Vishudha\java-workspace\tagline-traders-api\target\classes started by sunil kumar in D:\Work\Vishudha\java-workspace\tagline-traders-api)
2021-03-12 22:52:08,862 DEBUG org.springframework.boot.StartupInfoLogger [restartedMain] Running with Spring Boot v2.3.8.RELEASE, Spring v5.2.12.RELEASE
2021-03-12 22:52:08,863 INFO org.springframework.boot.SpringApplication [restartedMain] No active profile set, falling back to default profiles: default
2021-03-12 22:52:14,393 WARN org.springframework.boot.autoconfigure.orm.jpa.JpaBaseConfiguration$JpaWebConfiguration [restartedMain] spring.jpa.open-in-view is enabled by default. Therefore, database queries may be performed during view rendering. Explicitly configure spring.jpa.open-in-view to disable this warning
2021-03-12 22:52:14,919 WARN org.springframework.data.rest.webmvc.halbrowser.HalBrowser [restartedMain] ---
2021-03-12 22:52:14,920 WARN org.springframework.data.rest.webmvc.halbrowser.HalBrowser [restartedMain] Spring Data REST HAL Browser is deprecated! Prefer the HAL Explorer (artifactId: spring-data-rest-hal-explorer)!
2021-03-12 22:52:14,920 WARN org.springframework.data.rest.webmvc.halbrowser.HalBrowser [restartedMain] ---
2021-03-12 22:52:17,019 INFO org.springframework.boot.StartupInfoLogger [restartedMain] Started TaglineTradersApiApplication in 8.598 seconds (JVM running for 10.277)
2021-03-12 22:52:22,344 INFO com.vtt.apps.controller.UserDetailsController [http-nio-8080-exec-2] Executing retrieveAll in UsersController
2021-03-12 22:53:10,112 INFO com.vtt.apps.controller.UserDetailsController [http-nio-8080-exec-4] Executing retrieveAll in UsersController
2021-03-12 22:55:02,601 INFO com.vtt.apps.controller.CategoryController [http-nio-8080-exec-6] Executing retrieveAll in CategoryController
2021-03-12 22:56:09,541 INFO org.springframework.boot.StartupInfoLogger [restartedMain] Starting TaglineTradersApiApplication on LAPTOP-64GATL7J with PID 16964 (D:\Work\Vishudha\java-workspace\tagline-traders-api\target\classes started by sunil kumar in D:\Work\Vishudha\java-workspace\tagline-traders-api)
2021-03-12 22:56:09,547 DEBUG org.springframework.boot.StartupInfoLogger [restartedMain] Running with Spring Boot v2.3.8.RELEASE, Spring v5.2.12.RELEASE
2021-03-12 22:56:09,548 INFO org.springframework.boot.SpringApplication [restartedMain] No active profile set, falling back to default profiles: default
2021-03-12 22:56:14,731 WARN org.springframework.boot.autoconfigure.orm.jpa.JpaBaseConfiguration$JpaWebConfiguration [restartedMain] spring.jpa.open-in-view is enabled by default. Therefore, database queries may be performed during view rendering. Explicitly configure spring.jpa.open-in-view to disable this warning
2021-03-12 22:56:15,377 WARN org.springframework.data.rest.webmvc.halbrowser.HalBrowser [restartedMain] ---
2021-03-12 22:56:15,378 WARN org.springframework.data.rest.webmvc.halbrowser.HalBrowser [restartedMain] Spring Data REST HAL Browser is deprecated! Prefer the HAL Explorer (artifactId: spring-data-rest-hal-explorer)!
2021-03-12 22:56:15,378 WARN org.springframework.data.rest.webmvc.halbrowser.HalBrowser [restartedMain] ---
2021-03-12 22:56:17,778 INFO org.springframework.boot.StartupInfoLogger [restartedMain] Started TaglineTradersApiApplication in 8.619 seconds (JVM running for 10.112)
2021-03-12 22:56:40,578 INFO com.vtt.apps.controller.CategoryController [http-nio-8080-exec-1] Executing retrieveAll in CategoryController
2021-03-12 22:58:13,959 WARN org.springframework.boot.test.json.DuplicateJsonObjectContextCustomizerFactory$DuplicateJsonObjectContextCustomizer [main] 

Found multiple occurrences of org.json.JSONObject on the class path:

	jar:file:/C:/Users/sunil%20kumar/.m2/repository/org/json/json/20180813/json-20180813.jar!/org/json/JSONObject.class
	jar:file:/C:/Users/sunil%20kumar/.m2/repository/com/vaadin/external/google/android-json/0.0.20131108.vaadin1/android-json-0.0.20131108.vaadin1.jar!/org/json/JSONObject.class

You may wish to exclude one of them to ensure predictable runtime behavior

2021-03-12 22:58:13,982 INFO org.springframework.boot.StartupInfoLogger [main] Starting TaglineTradersApiApplicationTests on LAPTOP-64GATL7J with PID 17104 (started by sunil kumar in D:\Work\Vishudha\java-workspace\tagline-traders-api)
2021-03-12 22:58:13,983 DEBUG org.springframework.boot.StartupInfoLogger [main] Running with Spring Boot v2.3.8.RELEASE, Spring v5.2.12.RELEASE
2021-03-12 22:58:13,984 INFO org.springframework.boot.SpringApplication [main] No active profile set, falling back to default profiles: default
2021-03-12 22:58:20,559 WARN org.springframework.boot.autoconfigure.orm.jpa.JpaBaseConfiguration$JpaWebConfiguration [main] spring.jpa.open-in-view is enabled by default. Therefore, database queries may be performed during view rendering. Explicitly configure spring.jpa.open-in-view to disable this warning
2021-03-12 22:58:21,865 WARN org.springframework.data.rest.webmvc.halbrowser.HalBrowser [main] ---
2021-03-12 22:58:21,865 WARN org.springframework.data.rest.webmvc.halbrowser.HalBrowser [main] Spring Data REST HAL Browser is deprecated! Prefer the HAL Explorer (artifactId: spring-data-rest-hal-explorer)!
2021-03-12 22:58:21,866 WARN org.springframework.data.rest.webmvc.halbrowser.HalBrowser [main] ---
2021-03-12 22:58:25,374 INFO org.springframework.boot.StartupInfoLogger [main] Started TaglineTradersApiApplicationTests in 11.782 seconds (JVM running for 12.958)
2021-03-12 22:58:36,717 INFO org.springframework.boot.StartupInfoLogger [restartedMain] Starting TaglineTradersApiApplication on LAPTOP-64GATL7J with PID 10636 (D:\Work\Vishudha\java-workspace\tagline-traders-api\target\classes started by sunil kumar in D:\Work\Vishudha\java-workspace\tagline-traders-api)
2021-03-12 22:58:36,720 DEBUG org.springframework.boot.StartupInfoLogger [restartedMain] Running with Spring Boot v2.3.8.RELEASE, Spring v5.2.12.RELEASE
2021-03-12 22:58:36,721 INFO org.springframework.boot.SpringApplication [restartedMain] No active profile set, falling back to default profiles: default
2021-03-12 22:58:41,011 WARN org.springframework.boot.autoconfigure.orm.jpa.JpaBaseConfiguration$JpaWebConfiguration [restartedMain] spring.jpa.open-in-view is enabled by default. Therefore, database queries may be performed during view rendering. Explicitly configure spring.jpa.open-in-view to disable this warning
2021-03-12 22:58:41,527 WARN org.springframework.data.rest.webmvc.halbrowser.HalBrowser [restartedMain] ---
2021-03-12 22:58:41,527 WARN org.springframework.data.rest.webmvc.halbrowser.HalBrowser [restartedMain] Spring Data REST HAL Browser is deprecated! Prefer the HAL Explorer (artifactId: spring-data-rest-hal-explorer)!
2021-03-12 22:58:41,528 WARN org.springframework.data.rest.webmvc.halbrowser.HalBrowser [restartedMain] ---
2021-03-12 22:58:43,728 INFO org.springframework.boot.StartupInfoLogger [restartedMain] Started TaglineTradersApiApplication in 7.328 seconds (JVM running for 8.105)
2021-03-12 23:00:24,966 INFO org.springframework.boot.StartupInfoLogger [restartedMain] Starting TaglineTradersApiApplication on LAPTOP-64GATL7J with PID 19016 (D:\Work\Vishudha\java-workspace\tagline-traders-api\target\classes started by sunil kumar in D:\Work\Vishudha\java-workspace\tagline-traders-api)
2021-03-12 23:00:24,968 DEBUG org.springframework.boot.StartupInfoLogger [restartedMain] Running with Spring Boot v2.3.8.RELEASE, Spring v5.2.12.RELEASE
2021-03-12 23:00:24,969 INFO org.springframework.boot.SpringApplication [restartedMain] No active profile set, falling back to default profiles: default
2021-03-12 23:00:29,317 WARN org.springframework.boot.autoconfigure.orm.jpa.JpaBaseConfiguration$JpaWebConfiguration [restartedMain] spring.jpa.open-in-view is enabled by default. Therefore, database queries may be performed during view rendering. Explicitly configure spring.jpa.open-in-view to disable this warning
2021-03-12 23:00:29,788 WARN org.springframework.data.rest.webmvc.halbrowser.HalBrowser [restartedMain] ---
2021-03-12 23:00:29,788 WARN org.springframework.data.rest.webmvc.halbrowser.HalBrowser [restartedMain] Spring Data REST HAL Browser is deprecated! Prefer the HAL Explorer (artifactId: spring-data-rest-hal-explorer)!
2021-03-12 23:00:29,788 WARN org.springframework.data.rest.webmvc.halbrowser.HalBrowser [restartedMain] ---
2021-03-12 23:00:31,898 INFO org.springframework.boot.StartupInfoLogger [restartedMain] Started TaglineTradersApiApplication in 7.255 seconds (JVM running for 8.099)
2021-03-12 23:04:23,814 INFO com.vtt.apps.controller.CategoryController [http-nio-8080-exec-2] Executing retrieveAll in CategoryController
2021-03-12 23:04:37,878 INFO com.vtt.apps.controller.CategoryController [http-nio-8080-exec-6] Executing retrieveAll in CategoryController
2021-03-12 23:04:37,878 INFO com.vtt.apps.controller.ProductController [http-nio-8080-exec-3] Executing fetchBestSellerVttProducts in ProductController
2021-03-12 23:04:41,826 INFO com.vtt.apps.controller.ProductController [http-nio-8080-exec-5] Executing fetchProductById in ProductController
2021-03-12 23:04:49,461 INFO com.vtt.apps.controller.ProductController [http-nio-8080-exec-4] Executing fetchProductById in ProductController
