2021-03-17 17:38:39,553 WARN com.zaxxer.hikari.pool.HikariPool$HouseKeeper [HikariPool-1 housekeeper] HikariPool-1 - Thread starvation or clock leap detected (housekeeper delta=21h22m23s402ms267µs501ns).
2021-03-17 21:11:14,975 WARN com.zaxxer.hikari.pool.HikariPool$HouseKeeper [HikariPool-1 housekeeper] HikariPool-1 - Thread starvation or clock leap detected (housekeeper delta=1h53m35s105ms74µs500ns).
2021-03-17 21:17:51,311 INFO org.springframework.boot.StartupInfoLogger [restartedMain] Starting TaglineTradersApiApplication on LAPTOP-64GATL7J with PID 5796 (D:\Work\Vishudha\java-workspace\tagline-traders-api\target\classes started by sunil kumar in D:\Work\Vishudha\java-workspace\tagline-traders-api)
2021-03-17 21:17:51,320 DEBUG org.springframework.boot.StartupInfoLogger [restartedMain] Running with Spring Boot v2.3.8.RELEASE, Spring v5.2.12.RELEASE
2021-03-17 21:17:51,321 INFO org.springframework.boot.SpringApplication [restartedMain] No active profile set, falling back to default profiles: default
2021-03-17 21:18:02,881 WARN org.springframework.boot.autoconfigure.orm.jpa.JpaBaseConfiguration$JpaWebConfiguration [restartedMain] spring.jpa.open-in-view is enabled by default. Therefore, database queries may be performed during view rendering. Explicitly configure spring.jpa.open-in-view to disable this warning
2021-03-17 21:18:03,589 WARN org.springframework.data.rest.webmvc.halbrowser.HalBrowser [restartedMain] ---
2021-03-17 21:18:03,590 WARN org.springframework.data.rest.webmvc.halbrowser.HalBrowser [restartedMain] Spring Data REST HAL Browser is deprecated! Prefer the HAL Explorer (artifactId: spring-data-rest-hal-explorer)!
2021-03-17 21:18:03,590 WARN org.springframework.data.rest.webmvc.halbrowser.HalBrowser [restartedMain] ---
2021-03-17 21:18:07,103 INFO org.springframework.boot.StartupInfoLogger [restartedMain] Started TaglineTradersApiApplication in 16.432 seconds (JVM running for 17.853)
2021-03-17 21:19:49,213 INFO com.vtt.apps.controller.CategoryController [http-nio-8080-exec-1] Executing retrieveAll in CategoryController
2021-03-17 21:19:49,214 INFO com.vtt.apps.controller.ProductController [http-nio-8080-exec-2] Executing fetchBestSellerVttProducts in ProductController
2021-03-17 21:20:19,514 INFO com.vtt.apps.controller.OrderDetailsController [http-nio-8080-exec-6] Executing fetchAllOrders in OrderDetailsController
2021-03-17 21:26:58,847 INFO com.vtt.apps.controller.ProductController [http-nio-8080-exec-7] Executing fetchProductsBySubCategoryId in ProductController
2021-03-17 21:26:59,084 INFO com.vtt.apps.controller.ProductController [http-nio-8080-exec-8] Executing fetchProductsBySubCategoryId in ProductController
2021-03-17 21:27:13,368 INFO com.vtt.apps.controller.ProductController [http-nio-8080-exec-9] Executing fetchProductsBySubCategoryId in ProductController
2021-03-17 21:44:31,333 INFO com.vtt.apps.controller.ProductController [http-nio-8080-exec-10] Executing fetchProductsBySubCategoryId in ProductController
2021-03-17 21:44:34,749 INFO com.vtt.apps.controller.ProductController [http-nio-8080-exec-2] Executing fetchProductsBySubCategoryId in ProductController
2021-03-17 21:44:37,111 INFO com.vtt.apps.controller.ProductController [http-nio-8080-exec-1] Executing fetchProductsBySubCategoryId in ProductController
2021-03-17 21:44:57,841 INFO com.vtt.apps.controller.ProductController [http-nio-8080-exec-4] Executing fetchProductsBySubCategoryId in ProductController
2021-03-17 21:44:58,093 INFO com.vtt.apps.controller.ProductController [http-nio-8080-exec-3] Executing fetchProductsBySubCategoryId in ProductController
2021-03-17 21:46:20,846 INFO com.vtt.apps.controller.ProductController [http-nio-8080-exec-6] Executing fetchProductsBySubCategoryId in ProductController
2021-03-17 21:46:20,892 INFO com.vtt.apps.controller.ProductController [http-nio-8080-exec-5] Executing fetchProductsBySubCategoryId in ProductController
2021-03-17 21:46:34,664 INFO com.vtt.apps.controller.ProductController [http-nio-8080-exec-7] Executing fetchProductsBySubCategoryId in ProductController
2021-03-17 21:47:20,283 INFO com.vtt.apps.controller.ProductController [http-nio-8080-exec-8] Executing fetchProductsBySubCategoryId in ProductController
2021-03-17 21:47:20,681 INFO com.vtt.apps.controller.ProductController [http-nio-8080-exec-9] Executing fetchProductsBySubCategoryId in ProductController
2021-03-17 22:06:48,698 INFO com.vtt.apps.controller.OrderDetailsController [http-nio-8080-exec-2] Executing fetchAllOrders in OrderDetailsController
2021-03-17 22:06:58,692 INFO com.vtt.apps.controller.OrderDetailsController [http-nio-8080-exec-1] Executing fetchAllOrders in OrderDetailsController
2021-03-17 22:07:02,187 INFO com.vtt.apps.controller.OrderDetailsController [http-nio-8080-exec-4] Executing fetchAllOrders in OrderDetailsController
2021-03-17 22:44:24,776 WARN com.zaxxer.hikari.pool.HikariPool$HouseKeeper [HikariPool-1 housekeeper] HikariPool-1 - Thread starvation or clock leap detected (housekeeper delta=23m57s211ms417µs100ns).
2021-03-17 22:47:57,600 INFO com.vtt.apps.controller.OrderDetailsController [http-nio-8080-exec-3] Executing fetchAllOrders in OrderDetailsController
2021-03-17 22:47:57,931 WARN org.springframework.web.servlet.mvc.method.annotation.ExceptionHandlerExceptionResolver [http-nio-8080-exec-3] Failure in @ExceptionHandler com.vtt.apps.exception.CustomizedResponseEntityExceptionHandler#handleAllExceptions(Exception, WebRequest)
org.apache.catalina.connector.ClientAbortException: java.io.IOException: An established connection was aborted by the software in your host machine
	at org.apache.catalina.connector.OutputBuffer.realWriteBytes(OutputBuffer.java:351)
	at org.apache.catalina.connector.OutputBuffer.flushByteBuffer(OutputBuffer.java:776)
	at org.apache.catalina.connector.OutputBuffer.append(OutputBuffer.java:681)
	at org.apache.catalina.connector.OutputBuffer.writeBytes(OutputBuffer.java:386)
	at org.apache.catalina.connector.OutputBuffer.write(OutputBuffer.java:364)
	at org.apache.catalina.connector.CoyoteOutputStream.write(CoyoteOutputStream.java:96)
	at org.springframework.util.StreamUtils$NonClosingOutputStream.write(StreamUtils.java:287)
	at com.fasterxml.jackson.core.json.UTF8JsonGenerator._flushBuffer(UTF8JsonGenerator.java:2161)
	at com.fasterxml.jackson.core.json.UTF8JsonGenerator.flush(UTF8JsonGenerator.java:1175)
	at com.fasterxml.jackson.databind.ObjectWriter.writeValue(ObjectWriter.java:1008)
	at org.springframework.http.converter.json.AbstractJackson2HttpMessageConverter.writeInternal(AbstractJackson2HttpMessageConverter.java:346)
	at org.springframework.http.converter.AbstractGenericHttpMessageConverter.write(AbstractGenericHttpMessageConverter.java:104)
	at org.springframework.web.servlet.mvc.method.annotation.AbstractMessageConverterMethodProcessor.writeWithMessageConverters(AbstractMessageConverterMethodProcessor.java:277)
	at org.springframework.web.servlet.mvc.method.annotation.HttpEntityMethodProcessor.handleReturnValue(HttpEntityMethodProcessor.java:219)
	at org.springframework.web.method.support.HandlerMethodReturnValueHandlerComposite.handleReturnValue(HandlerMethodReturnValueHandlerComposite.java:82)
	at org.springframework.web.servlet.mvc.method.annotation.ServletInvocableHandlerMethod.invokeAndHandle(ServletInvocableHandlerMethod.java:123)
	at org.springframework.web.servlet.mvc.method.annotation.ExceptionHandlerExceptionResolver.doResolveHandlerMethodException(ExceptionHandlerExceptionResolver.java:403)
	at org.springframework.web.servlet.handler.AbstractHandlerMethodExceptionResolver.doResolveException(AbstractHandlerMethodExceptionResolver.java:61)
	at org.springframework.web.servlet.handler.AbstractHandlerExceptionResolver.resolveException(AbstractHandlerExceptionResolver.java:141)
	at org.springframework.web.servlet.handler.HandlerExceptionResolverComposite.resolveException(HandlerExceptionResolverComposite.java:80)
	at org.springframework.web.servlet.DispatcherServlet.processHandlerException(DispatcherServlet.java:1300)
	at org.springframework.web.servlet.DispatcherServlet.processDispatchResult(DispatcherServlet.java:1111)
	at org.springframework.web.servlet.DispatcherServlet.doDispatch(DispatcherServlet.java:1057)
	at org.springframework.web.servlet.DispatcherServlet.doService(DispatcherServlet.java:943)
	at org.springframework.web.servlet.FrameworkServlet.processRequest(FrameworkServlet.java:1006)
	at org.springframework.web.servlet.FrameworkServlet.doGet(FrameworkServlet.java:898)
	at javax.servlet.http.HttpServlet.service(HttpServlet.java:626)
	at org.springframework.web.servlet.FrameworkServlet.service(FrameworkServlet.java:883)
	at javax.servlet.http.HttpServlet.service(HttpServlet.java:733)
	at org.apache.catalina.core.ApplicationFilterChain.internalDoFilter(ApplicationFilterChain.java:231)
	at org.apache.catalina.core.ApplicationFilterChain.doFilter(ApplicationFilterChain.java:166)
	at org.apache.tomcat.websocket.server.WsFilter.doFilter(WsFilter.java:53)
	at org.apache.catalina.core.ApplicationFilterChain.internalDoFilter(ApplicationFilterChain.java:193)
	at org.apache.catalina.core.ApplicationFilterChain.doFilter(ApplicationFilterChain.java:166)
	at org.springframework.web.filter.RequestContextFilter.doFilterInternal(RequestContextFilter.java:100)
	at org.springframework.web.filter.OncePerRequestFilter.doFilter(OncePerRequestFilter.java:119)
	at org.apache.catalina.core.ApplicationFilterChain.internalDoFilter(ApplicationFilterChain.java:193)
	at org.apache.catalina.core.ApplicationFilterChain.doFilter(ApplicationFilterChain.java:166)
	at org.springframework.web.filter.FormContentFilter.doFilterInternal(FormContentFilter.java:93)
	at org.springframework.web.filter.OncePerRequestFilter.doFilter(OncePerRequestFilter.java:119)
	at org.apache.catalina.core.ApplicationFilterChain.internalDoFilter(ApplicationFilterChain.java:193)
	at org.apache.catalina.core.ApplicationFilterChain.doFilter(ApplicationFilterChain.java:166)
	at org.springframework.boot.actuate.metrics.web.servlet.WebMvcMetricsFilter.doFilterInternal(WebMvcMetricsFilter.java:93)
	at org.springframework.web.filter.OncePerRequestFilter.doFilter(OncePerRequestFilter.java:119)
	at org.apache.catalina.core.ApplicationFilterChain.internalDoFilter(ApplicationFilterChain.java:193)
	at org.apache.catalina.core.ApplicationFilterChain.doFilter(ApplicationFilterChain.java:166)
	at org.springframework.web.filter.CharacterEncodingFilter.doFilterInternal(CharacterEncodingFilter.java:201)
	at org.springframework.web.filter.OncePerRequestFilter.doFilter(OncePerRequestFilter.java:119)
	at org.apache.catalina.core.ApplicationFilterChain.internalDoFilter(ApplicationFilterChain.java:193)
	at org.apache.catalina.core.ApplicationFilterChain.doFilter(ApplicationFilterChain.java:166)
	at org.apache.catalina.core.StandardWrapperValve.invoke(StandardWrapperValve.java:202)
	at org.apache.catalina.core.StandardContextValve.invoke(StandardContextValve.java:97)
	at org.apache.catalina.authenticator.AuthenticatorBase.invoke(AuthenticatorBase.java:542)
	at org.apache.catalina.core.StandardHostValve.invoke(StandardHostValve.java:143)
	at org.apache.catalina.valves.ErrorReportValve.invoke(ErrorReportValve.java:92)
	at org.apache.catalina.core.StandardEngineValve.invoke(StandardEngineValve.java:78)
	at org.apache.catalina.connector.CoyoteAdapter.service(CoyoteAdapter.java:343)
	at org.apache.coyote.http11.Http11Processor.service(Http11Processor.java:374)
	at org.apache.coyote.AbstractProcessorLight.process(AbstractProcessorLight.java:65)
	at org.apache.coyote.AbstractProtocol$ConnectionHandler.process(AbstractProtocol.java:888)
	at org.apache.tomcat.util.net.NioEndpoint$SocketProcessor.doRun(NioEndpoint.java:1597)
	at org.apache.tomcat.util.net.SocketProcessorBase.run(SocketProcessorBase.java:49)
	at java.base/java.util.concurrent.ThreadPoolExecutor.runWorker(ThreadPoolExecutor.java:1130)
	at java.base/java.util.concurrent.ThreadPoolExecutor$Worker.run(ThreadPoolExecutor.java:630)
	at org.apache.tomcat.util.threads.TaskThread$WrappingRunnable.run(TaskThread.java:61)
	at java.base/java.lang.Thread.run(Thread.java:832)
Caused by: java.io.IOException: An established connection was aborted by the software in your host machine
	at java.base/sun.nio.ch.SocketDispatcher.write0(Native Method)
	at java.base/sun.nio.ch.SocketDispatcher.write(SocketDispatcher.java:54)
	at java.base/sun.nio.ch.IOUtil.writeFromNativeBuffer(IOUtil.java:113)
	at java.base/sun.nio.ch.IOUtil.write(IOUtil.java:79)
	at java.base/sun.nio.ch.IOUtil.write(IOUtil.java:50)
	at java.base/sun.nio.ch.SocketChannelImpl.write(SocketChannelImpl.java:506)
	at org.apache.tomcat.util.net.NioChannel.write(NioChannel.java:138)
	at org.apache.tomcat.util.net.NioBlockingSelector.write(NioBlockingSelector.java:101)
	at org.apache.tomcat.util.net.NioSelectorPool.write(NioSelectorPool.java:152)
	at org.apache.tomcat.util.net.NioEndpoint$NioSocketWrapper.doWrite(NioEndpoint.java:1253)
	at org.apache.tomcat.util.net.SocketWrapperBase.doWrite(SocketWrapperBase.java:764)
	at org.apache.tomcat.util.net.SocketWrapperBase.writeBlocking(SocketWrapperBase.java:584)
	at org.apache.tomcat.util.net.SocketWrapperBase.write(SocketWrapperBase.java:528)
	at org.apache.coyote.http11.Http11OutputBuffer$SocketOutputBuffer.doWrite(Http11OutputBuffer.java:546)
	at org.apache.coyote.http11.filters.ChunkedOutputFilter.doWrite(ChunkedOutputFilter.java:110)
	at org.apache.coyote.http11.Http11OutputBuffer.doWrite(Http11OutputBuffer.java:193)
	at org.apache.coyote.Response.doWrite(Response.java:601)
	at org.apache.catalina.connector.OutputBuffer.realWriteBytes(OutputBuffer.java:339)
	... 65 common frames omitted
2021-03-17 22:47:58,921 INFO com.vtt.apps.controller.OrderDetailsController [http-nio-8080-exec-6] Executing fetchAllOrders in OrderDetailsController
2021-03-17 22:50:52,202 INFO com.vtt.apps.controller.OrderDetailsController [http-nio-8080-exec-5] Executing fetchAllOrders in OrderDetailsController
2021-03-17 22:55:45,986 INFO com.vtt.apps.controller.OrderDetailsController [http-nio-8080-exec-7] Executing fetchAllOrders in OrderDetailsController
2021-03-17 22:56:35,572 INFO com.vtt.apps.controller.OrderDetailsController [http-nio-8080-exec-8] Executing fetchAllOrders in OrderDetailsController
2021-03-17 22:57:34,820 INFO com.vtt.apps.controller.OrderDetailsController [http-nio-8080-exec-9] Executing fetchAllOrders in OrderDetailsController
2021-03-17 22:57:35,481 INFO com.vtt.apps.controller.OrderDetailsController [http-nio-8080-exec-10] Executing fetchAllOrders in OrderDetailsController
2021-03-17 22:57:39,678 INFO com.vtt.apps.controller.OrderDetailsController [http-nio-8080-exec-2] Executing fetchAllOrders in OrderDetailsController
2021-03-17 23:42:29,007 INFO com.vtt.apps.controller.OrderDetailsController [http-nio-8080-exec-1] Executing fetchAllOrders in OrderDetailsController
2021-03-17 23:42:29,215 WARN com.zaxxer.hikari.pool.HikariPool$HouseKeeper [HikariPool-1 housekeeper] HikariPool-1 - Thread starvation or clock leap detected (housekeeper delta=42m4s345ms707µs700ns).
