2021-03-20 07:34:37,106 WARN com.zaxxer.hikari.pool.HikariPool$HouseKeeper [HikariPool-1 housekeeper] HikariPool-1 - Thread starvation or clock leap detected (housekeeper delta=13h16m21s288ms1µs300ns).
2021-03-20 08:08:55,616 WARN com.zaxxer.hikari.pool.HikariPool$HouseKeeper [HikariPool-1 housekeeper] HikariPool-1 - Thread starvation or clock leap detected (housekeeper delta=28m48s350ms716µs200ns).
2021-03-20 08:57:40,195 INFO org.springframework.boot.StartupInfoLogger [restartedMain] Starting TaglineTradersApiApplication on LAPTOP-64GATL7J with PID 12048 (D:\Work\Vishudha\java-workspace\tagline-traders-api\target\classes started by sunil kumar in D:\Work\Vishudha\java-workspace\tagline-traders-api)
2021-03-20 08:57:40,199 DEBUG org.springframework.boot.StartupInfoLogger [restartedMain] Running with Spring Boot v2.3.8.RELEASE, Spring v5.2.12.RELEASE
2021-03-20 08:57:40,199 INFO org.springframework.boot.SpringApplication [restartedMain] No active profile set, falling back to default profiles: default
2021-03-20 08:57:46,696 WARN org.springframework.boot.autoconfigure.orm.jpa.JpaBaseConfiguration$JpaWebConfiguration [restartedMain] spring.jpa.open-in-view is enabled by default. Therefore, database queries may be performed during view rendering. Explicitly configure spring.jpa.open-in-view to disable this warning
2021-03-20 08:57:47,377 WARN org.springframework.data.rest.webmvc.halbrowser.HalBrowser [restartedMain] ---
2021-03-20 08:57:47,378 WARN org.springframework.data.rest.webmvc.halbrowser.HalBrowser [restartedMain] Spring Data REST HAL Browser is deprecated! Prefer the HAL Explorer (artifactId: spring-data-rest-hal-explorer)!
2021-03-20 08:57:47,378 WARN org.springframework.data.rest.webmvc.halbrowser.HalBrowser [restartedMain] ---
2021-03-20 08:57:50,115 INFO org.springframework.boot.StartupInfoLogger [restartedMain] Started TaglineTradersApiApplication in 10.434 seconds (JVM running for 11.931)
2021-03-20 08:57:59,131 INFO com.vtt.apps.controller.EmailController [http-nio-8080-exec-1] Executing sendSimpleEmail in EmailController
2021-03-20 09:08:59,625 INFO org.springframework.boot.StartupInfoLogger [restartedMain] Starting TaglineTradersApiApplication on LAPTOP-64GATL7J with PID 32664 (D:\Work\Vishudha\java-workspace\tagline-traders-api\target\classes started by sunil kumar in D:\Work\Vishudha\java-workspace\tagline-traders-api)
2021-03-20 09:08:59,627 DEBUG org.springframework.boot.StartupInfoLogger [restartedMain] Running with Spring Boot v2.3.8.RELEASE, Spring v5.2.12.RELEASE
2021-03-20 09:08:59,629 INFO org.springframework.boot.SpringApplication [restartedMain] No active profile set, falling back to default profiles: default
2021-03-20 09:09:04,385 WARN org.springframework.boot.autoconfigure.orm.jpa.JpaBaseConfiguration$JpaWebConfiguration [restartedMain] spring.jpa.open-in-view is enabled by default. Therefore, database queries may be performed during view rendering. Explicitly configure spring.jpa.open-in-view to disable this warning
2021-03-20 09:09:04,944 WARN org.springframework.data.rest.webmvc.halbrowser.HalBrowser [restartedMain] ---
2021-03-20 09:09:04,944 WARN org.springframework.data.rest.webmvc.halbrowser.HalBrowser [restartedMain] Spring Data REST HAL Browser is deprecated! Prefer the HAL Explorer (artifactId: spring-data-rest-hal-explorer)!
2021-03-20 09:09:04,944 WARN org.springframework.data.rest.webmvc.halbrowser.HalBrowser [restartedMain] ---
2021-03-20 09:09:07,266 INFO org.springframework.boot.StartupInfoLogger [restartedMain] Started TaglineTradersApiApplication in 7.973 seconds (JVM running for 8.76)
2021-03-20 09:09:20,243 INFO com.vtt.apps.controller.EmailController [http-nio-8080-exec-2] Executing sendSimpleEmail in EmailController
2021-03-20 09:10:20,591 INFO org.springframework.boot.StartupInfoLogger [restartedMain] Starting TaglineTradersApiApplication on LAPTOP-64GATL7J with PID 10220 (D:\Work\Vishudha\java-workspace\tagline-traders-api\target\classes started by sunil kumar in D:\Work\Vishudha\java-workspace\tagline-traders-api)
2021-03-20 09:10:20,593 DEBUG org.springframework.boot.StartupInfoLogger [restartedMain] Running with Spring Boot v2.3.8.RELEASE, Spring v5.2.12.RELEASE
2021-03-20 09:10:20,594 INFO org.springframework.boot.SpringApplication [restartedMain] No active profile set, falling back to default profiles: default
2021-03-20 09:10:25,482 WARN org.springframework.boot.autoconfigure.orm.jpa.JpaBaseConfiguration$JpaWebConfiguration [restartedMain] spring.jpa.open-in-view is enabled by default. Therefore, database queries may be performed during view rendering. Explicitly configure spring.jpa.open-in-view to disable this warning
2021-03-20 09:10:26,005 WARN org.springframework.data.rest.webmvc.halbrowser.HalBrowser [restartedMain] ---
2021-03-20 09:10:26,005 WARN org.springframework.data.rest.webmvc.halbrowser.HalBrowser [restartedMain] Spring Data REST HAL Browser is deprecated! Prefer the HAL Explorer (artifactId: spring-data-rest-hal-explorer)!
2021-03-20 09:10:26,005 WARN org.springframework.data.rest.webmvc.halbrowser.HalBrowser [restartedMain] ---
2021-03-20 09:10:28,187 INFO org.springframework.boot.StartupInfoLogger [restartedMain] Started TaglineTradersApiApplication in 7.93 seconds (JVM running for 8.73)
2021-03-20 09:10:30,405 INFO com.vtt.apps.controller.EmailController [http-nio-8080-exec-3] Executing sendSimpleEmail in EmailController
2021-03-20 09:11:55,215 INFO org.springframework.boot.StartupInfoLogger [restartedMain] Starting TaglineTradersApiApplication on LAPTOP-64GATL7J with PID 7824 (D:\Work\Vishudha\java-workspace\tagline-traders-api\target\classes started by sunil kumar in D:\Work\Vishudha\java-workspace\tagline-traders-api)
2021-03-20 09:11:55,217 DEBUG org.springframework.boot.StartupInfoLogger [restartedMain] Running with Spring Boot v2.3.8.RELEASE, Spring v5.2.12.RELEASE
2021-03-20 09:11:55,218 INFO org.springframework.boot.SpringApplication [restartedMain] No active profile set, falling back to default profiles: default
2021-03-20 09:12:00,115 WARN org.springframework.boot.autoconfigure.orm.jpa.JpaBaseConfiguration$JpaWebConfiguration [restartedMain] spring.jpa.open-in-view is enabled by default. Therefore, database queries may be performed during view rendering. Explicitly configure spring.jpa.open-in-view to disable this warning
2021-03-20 09:12:00,692 WARN org.springframework.data.rest.webmvc.halbrowser.HalBrowser [restartedMain] ---
2021-03-20 09:12:00,693 WARN org.springframework.data.rest.webmvc.halbrowser.HalBrowser [restartedMain] Spring Data REST HAL Browser is deprecated! Prefer the HAL Explorer (artifactId: spring-data-rest-hal-explorer)!
2021-03-20 09:12:00,693 WARN org.springframework.data.rest.webmvc.halbrowser.HalBrowser [restartedMain] ---
2021-03-20 09:12:02,876 INFO org.springframework.boot.StartupInfoLogger [restartedMain] Started TaglineTradersApiApplication in 8.025 seconds (JVM running for 8.858)
2021-03-20 09:13:01,110 INFO org.springframework.boot.StartupInfoLogger [restartedMain] Starting TaglineTradersApiApplication on LAPTOP-64GATL7J with PID 15680 (D:\Work\Vishudha\java-workspace\tagline-traders-api\target\classes started by sunil kumar in D:\Work\Vishudha\java-workspace\tagline-traders-api)
2021-03-20 09:13:01,113 DEBUG org.springframework.boot.StartupInfoLogger [restartedMain] Running with Spring Boot v2.3.8.RELEASE, Spring v5.2.12.RELEASE
2021-03-20 09:13:01,114 INFO org.springframework.boot.SpringApplication [restartedMain] No active profile set, falling back to default profiles: default
2021-03-20 09:13:05,822 WARN org.springframework.boot.autoconfigure.orm.jpa.JpaBaseConfiguration$JpaWebConfiguration [restartedMain] spring.jpa.open-in-view is enabled by default. Therefore, database queries may be performed during view rendering. Explicitly configure spring.jpa.open-in-view to disable this warning
2021-03-20 09:13:06,365 WARN org.springframework.data.rest.webmvc.halbrowser.HalBrowser [restartedMain] ---
2021-03-20 09:13:06,366 WARN org.springframework.data.rest.webmvc.halbrowser.HalBrowser [restartedMain] Spring Data REST HAL Browser is deprecated! Prefer the HAL Explorer (artifactId: spring-data-rest-hal-explorer)!
2021-03-20 09:13:06,366 WARN org.springframework.data.rest.webmvc.halbrowser.HalBrowser [restartedMain] ---
2021-03-20 09:13:08,659 INFO org.springframework.boot.StartupInfoLogger [restartedMain] Started TaglineTradersApiApplication in 7.876 seconds (JVM running for 8.736)
2021-03-20 09:13:18,381 INFO org.springframework.boot.StartupInfoLogger [restartedMain] Starting TaglineTradersApiApplication on LAPTOP-64GATL7J with PID 21040 (D:\Work\Vishudha\java-workspace\tagline-traders-api\target\classes started by sunil kumar in D:\Work\Vishudha\java-workspace\tagline-traders-api)
2021-03-20 09:13:18,385 DEBUG org.springframework.boot.StartupInfoLogger [restartedMain] Running with Spring Boot v2.3.8.RELEASE, Spring v5.2.12.RELEASE
2021-03-20 09:13:18,385 INFO org.springframework.boot.SpringApplication [restartedMain] No active profile set, falling back to default profiles: default
2021-03-20 09:13:23,249 WARN org.springframework.boot.autoconfigure.orm.jpa.JpaBaseConfiguration$JpaWebConfiguration [restartedMain] spring.jpa.open-in-view is enabled by default. Therefore, database queries may be performed during view rendering. Explicitly configure spring.jpa.open-in-view to disable this warning
2021-03-20 09:13:23,840 WARN org.springframework.data.rest.webmvc.halbrowser.HalBrowser [restartedMain] ---
2021-03-20 09:13:23,840 WARN org.springframework.data.rest.webmvc.halbrowser.HalBrowser [restartedMain] Spring Data REST HAL Browser is deprecated! Prefer the HAL Explorer (artifactId: spring-data-rest-hal-explorer)!
2021-03-20 09:13:23,840 WARN org.springframework.data.rest.webmvc.halbrowser.HalBrowser [restartedMain] ---
2021-03-20 09:13:25,931 INFO org.springframework.boot.StartupInfoLogger [restartedMain] Started TaglineTradersApiApplication in 7.907 seconds (JVM running for 8.764)
2021-03-20 09:13:30,636 INFO com.vtt.apps.controller.EmailController [http-nio-8080-exec-1] Executing sendSimpleEmail in EmailController
2021-03-20 09:14:04,709 INFO org.springframework.boot.StartupInfoLogger [restartedMain] Starting TaglineTradersApiApplication on LAPTOP-64GATL7J with PID 1480 (D:\Work\Vishudha\java-workspace\tagline-traders-api\target\classes started by sunil kumar in D:\Work\Vishudha\java-workspace\tagline-traders-api)
2021-03-20 09:14:04,713 DEBUG org.springframework.boot.StartupInfoLogger [restartedMain] Running with Spring Boot v2.3.8.RELEASE, Spring v5.2.12.RELEASE
2021-03-20 09:14:04,713 INFO org.springframework.boot.SpringApplication [restartedMain] No active profile set, falling back to default profiles: default
2021-03-20 09:14:09,559 WARN org.springframework.boot.autoconfigure.orm.jpa.JpaBaseConfiguration$JpaWebConfiguration [restartedMain] spring.jpa.open-in-view is enabled by default. Therefore, database queries may be performed during view rendering. Explicitly configure spring.jpa.open-in-view to disable this warning
2021-03-20 09:14:10,126 WARN org.springframework.data.rest.webmvc.halbrowser.HalBrowser [restartedMain] ---
2021-03-20 09:14:10,126 WARN org.springframework.data.rest.webmvc.halbrowser.HalBrowser [restartedMain] Spring Data REST HAL Browser is deprecated! Prefer the HAL Explorer (artifactId: spring-data-rest-hal-explorer)!
2021-03-20 09:14:10,126 WARN org.springframework.data.rest.webmvc.halbrowser.HalBrowser [restartedMain] ---
2021-03-20 09:14:12,426 INFO org.springframework.boot.StartupInfoLogger [restartedMain] Started TaglineTradersApiApplication in 8.054 seconds (JVM running for 8.866)
2021-03-20 09:14:17,450 INFO com.vtt.apps.controller.EmailController [http-nio-8080-exec-2] Executing sendSimpleEmail in EmailController
2021-03-20 15:02:41,727 INFO org.springframework.boot.StartupInfoLogger [restartedMain] Starting TaglineTradersApiApplication on LAPTOP-64GATL7J with PID 14164 (D:\Work\Vishudha\java-workspace\tagline-traders-api\target\classes started by sunil kumar in D:\Work\Vishudha\java-workspace\tagline-traders-api)
2021-03-20 15:02:41,731 DEBUG org.springframework.boot.StartupInfoLogger [restartedMain] Running with Spring Boot v2.3.8.RELEASE, Spring v5.2.12.RELEASE
2021-03-20 15:02:41,731 INFO org.springframework.boot.SpringApplication [restartedMain] No active profile set, falling back to default profiles: default
2021-03-20 15:02:47,606 WARN org.springframework.boot.autoconfigure.orm.jpa.JpaBaseConfiguration$JpaWebConfiguration [restartedMain] spring.jpa.open-in-view is enabled by default. Therefore, database queries may be performed during view rendering. Explicitly configure spring.jpa.open-in-view to disable this warning
2021-03-20 15:02:48,305 WARN org.springframework.data.rest.webmvc.halbrowser.HalBrowser [restartedMain] ---
2021-03-20 15:02:48,306 WARN org.springframework.data.rest.webmvc.halbrowser.HalBrowser [restartedMain] Spring Data REST HAL Browser is deprecated! Prefer the HAL Explorer (artifactId: spring-data-rest-hal-explorer)!
2021-03-20 15:02:48,306 WARN org.springframework.data.rest.webmvc.halbrowser.HalBrowser [restartedMain] ---
2021-03-20 15:02:51,238 INFO org.springframework.boot.StartupInfoLogger [restartedMain] Started TaglineTradersApiApplication in 9.872 seconds (JVM running for 10.745)
2021-03-20 15:03:34,419 INFO org.springframework.boot.StartupInfoLogger [restartedMain] Starting TaglineTradersApiApplication on LAPTOP-64GATL7J with PID 21532 (D:\Work\Vishudha\java-workspace\tagline-traders-api\target\classes started by sunil kumar in D:\Work\Vishudha\java-workspace\tagline-traders-api)
2021-03-20 15:03:34,422 DEBUG org.springframework.boot.StartupInfoLogger [restartedMain] Running with Spring Boot v2.3.8.RELEASE, Spring v5.2.12.RELEASE
2021-03-20 15:03:34,422 INFO org.springframework.boot.SpringApplication [restartedMain] No active profile set, falling back to default profiles: default
2021-03-20 15:03:39,877 WARN org.springframework.boot.autoconfigure.orm.jpa.JpaBaseConfiguration$JpaWebConfiguration [restartedMain] spring.jpa.open-in-view is enabled by default. Therefore, database queries may be performed during view rendering. Explicitly configure spring.jpa.open-in-view to disable this warning
2021-03-20 15:03:40,609 WARN org.springframework.data.rest.webmvc.halbrowser.HalBrowser [restartedMain] ---
2021-03-20 15:03:40,610 WARN org.springframework.data.rest.webmvc.halbrowser.HalBrowser [restartedMain] Spring Data REST HAL Browser is deprecated! Prefer the HAL Explorer (artifactId: spring-data-rest-hal-explorer)!
2021-03-20 15:03:40,610 WARN org.springframework.data.rest.webmvc.halbrowser.HalBrowser [restartedMain] ---
2021-03-20 15:03:43,541 INFO org.springframework.boot.StartupInfoLogger [restartedMain] Started TaglineTradersApiApplication in 9.467 seconds (JVM running for 10.288)
2021-03-20 15:08:22,050 INFO org.springframework.boot.StartupInfoLogger [restartedMain] Starting TaglineTradersApiApplication on LAPTOP-64GATL7J with PID 6876 (D:\Work\Vishudha\java-workspace\tagline-traders-api\target\classes started by sunil kumar in D:\Work\Vishudha\java-workspace\tagline-traders-api)
2021-03-20 15:08:22,054 DEBUG org.springframework.boot.StartupInfoLogger [restartedMain] Running with Spring Boot v2.3.8.RELEASE, Spring v5.2.12.RELEASE
2021-03-20 15:08:22,054 INFO org.springframework.boot.SpringApplication [restartedMain] No active profile set, falling back to default profiles: default
2021-03-20 15:08:27,319 WARN org.springframework.boot.autoconfigure.orm.jpa.JpaBaseConfiguration$JpaWebConfiguration [restartedMain] spring.jpa.open-in-view is enabled by default. Therefore, database queries may be performed during view rendering. Explicitly configure spring.jpa.open-in-view to disable this warning
2021-03-20 15:08:27,849 WARN org.springframework.data.rest.webmvc.halbrowser.HalBrowser [restartedMain] ---
2021-03-20 15:08:27,849 WARN org.springframework.data.rest.webmvc.halbrowser.HalBrowser [restartedMain] Spring Data REST HAL Browser is deprecated! Prefer the HAL Explorer (artifactId: spring-data-rest-hal-explorer)!
2021-03-20 15:08:27,849 WARN org.springframework.data.rest.webmvc.halbrowser.HalBrowser [restartedMain] ---
2021-03-20 15:08:30,329 INFO org.springframework.boot.StartupInfoLogger [restartedMain] Started TaglineTradersApiApplication in 8.763 seconds (JVM running for 9.542)
2021-03-20 15:31:47,696 WARN com.zaxxer.hikari.pool.HikariPool$HouseKeeper [HikariPool-1 housekeeper] HikariPool-1 - Thread starvation or clock leap detected (housekeeper delta=8m52s456ms858µs600ns).
2021-03-20 15:58:00,211 WARN com.zaxxer.hikari.pool.HikariPool$HouseKeeper [HikariPool-1 housekeeper] HikariPool-1 - Thread starvation or clock leap detected (housekeeper delta=19m12s261ms21µs200ns).
2021-03-20 16:21:01,355 INFO org.springframework.boot.StartupInfoLogger [restartedMain] Starting TaglineTradersApiApplication on LAPTOP-64GATL7J with PID 26928 (D:\Work\Vishudha\java-workspace\tagline-traders-api\target\classes started by sunil kumar in D:\Work\Vishudha\java-workspace\tagline-traders-api)
2021-03-20 16:21:01,360 DEBUG org.springframework.boot.StartupInfoLogger [restartedMain] Running with Spring Boot v2.3.8.RELEASE, Spring v5.2.12.RELEASE
2021-03-20 16:21:01,361 INFO org.springframework.boot.SpringApplication [restartedMain] No active profile set, falling back to default profiles: default
2021-03-20 16:21:06,535 WARN org.springframework.boot.autoconfigure.orm.jpa.JpaBaseConfiguration$JpaWebConfiguration [restartedMain] spring.jpa.open-in-view is enabled by default. Therefore, database queries may be performed during view rendering. Explicitly configure spring.jpa.open-in-view to disable this warning
2021-03-20 16:21:07,079 WARN org.springframework.data.rest.webmvc.halbrowser.HalBrowser [restartedMain] ---
2021-03-20 16:21:07,079 WARN org.springframework.data.rest.webmvc.halbrowser.HalBrowser [restartedMain] Spring Data REST HAL Browser is deprecated! Prefer the HAL Explorer (artifactId: spring-data-rest-hal-explorer)!
2021-03-20 16:21:07,079 WARN org.springframework.data.rest.webmvc.halbrowser.HalBrowser [restartedMain] ---
2021-03-20 16:21:09,336 INFO org.springframework.boot.StartupInfoLogger [restartedMain] Started TaglineTradersApiApplication in 8.332 seconds (JVM running for 9.231)
2021-03-20 16:44:08,222 INFO org.springframework.boot.StartupInfoLogger [restartedMain] Starting TaglineTradersApiApplication on LAPTOP-64GATL7J with PID 27672 (D:\Work\Vishudha\java-workspace\tagline-traders-api\target\classes started by sunil kumar in D:\Work\Vishudha\java-workspace\tagline-traders-api)
2021-03-20 16:44:08,225 DEBUG org.springframework.boot.StartupInfoLogger [restartedMain] Running with Spring Boot v2.3.8.RELEASE, Spring v5.2.12.RELEASE
2021-03-20 16:44:08,226 INFO org.springframework.boot.SpringApplication [restartedMain] No active profile set, falling back to default profiles: default
2021-03-20 16:44:13,825 WARN org.springframework.boot.autoconfigure.orm.jpa.JpaBaseConfiguration$JpaWebConfiguration [restartedMain] spring.jpa.open-in-view is enabled by default. Therefore, database queries may be performed during view rendering. Explicitly configure spring.jpa.open-in-view to disable this warning
2021-03-20 16:44:14,357 WARN org.springframework.data.rest.webmvc.halbrowser.HalBrowser [restartedMain] ---
2021-03-20 16:44:14,357 WARN org.springframework.data.rest.webmvc.halbrowser.HalBrowser [restartedMain] Spring Data REST HAL Browser is deprecated! Prefer the HAL Explorer (artifactId: spring-data-rest-hal-explorer)!
2021-03-20 16:44:14,357 WARN org.springframework.data.rest.webmvc.halbrowser.HalBrowser [restartedMain] ---
2021-03-20 16:44:16,699 INFO org.springframework.boot.StartupInfoLogger [restartedMain] Started TaglineTradersApiApplication in 8.855 seconds (JVM running for 9.874)
2021-03-20 16:54:38,099 INFO org.springframework.boot.StartupInfoLogger [restartedMain] Starting TaglineTradersApiApplication on LAPTOP-64GATL7J with PID 14452 (D:\Work\Vishudha\java-workspace\tagline-traders-api\target\classes started by sunil kumar in D:\Work\Vishudha\java-workspace\tagline-traders-api)
2021-03-20 16:54:38,102 DEBUG org.springframework.boot.StartupInfoLogger [restartedMain] Running with Spring Boot v2.3.8.RELEASE, Spring v5.2.12.RELEASE
2021-03-20 16:54:38,103 INFO org.springframework.boot.SpringApplication [restartedMain] No active profile set, falling back to default profiles: default
2021-03-20 16:54:43,580 WARN org.springframework.boot.autoconfigure.orm.jpa.JpaBaseConfiguration$JpaWebConfiguration [restartedMain] spring.jpa.open-in-view is enabled by default. Therefore, database queries may be performed during view rendering. Explicitly configure spring.jpa.open-in-view to disable this warning
2021-03-20 16:54:44,157 WARN org.springframework.data.rest.webmvc.halbrowser.HalBrowser [restartedMain] ---
2021-03-20 16:54:44,158 WARN org.springframework.data.rest.webmvc.halbrowser.HalBrowser [restartedMain] Spring Data REST HAL Browser is deprecated! Prefer the HAL Explorer (artifactId: spring-data-rest-hal-explorer)!
2021-03-20 16:54:44,158 WARN org.springframework.data.rest.webmvc.halbrowser.HalBrowser [restartedMain] ---
2021-03-20 16:54:46,829 INFO org.springframework.boot.StartupInfoLogger [restartedMain] Started TaglineTradersApiApplication in 9.085 seconds (JVM running for 10.137)
2021-03-20 17:12:31,880 INFO com.vtt.apps.controller.ProductController [http-nio-8080-exec-6] Executing fetchBestSellerVttProducts in ProductController
2021-03-20 17:12:31,885 INFO com.vtt.apps.controller.CategoryController [http-nio-8080-exec-7] Executing retrieveAll in CategoryController
2021-03-20 17:13:24,940 INFO com.vtt.apps.controller.UserDetailsController [http-nio-8080-exec-8] Executing create in UsersController user : com.vtt.apps.model.UserDetails@5f6afbc2
2021-03-20 17:13:25,166 INFO com.vtt.apps.controller.ProductController [http-nio-8080-exec-9] Executing fetchBestSellerVttProducts in ProductController
2021-03-20 17:13:25,397 INFO com.vtt.apps.controller.CategoryController [http-nio-8080-exec-10] Executing retrieveAll in CategoryController
2021-03-20 17:16:54,504 INFO com.vtt.apps.controller.ProductController [http-nio-8080-exec-2] Executing fetchBestSellerVttProducts in ProductController
2021-03-20 17:17:00,463 INFO com.vtt.apps.controller.ProductController [http-nio-8080-exec-3] Executing fetchBestSellerVttProducts in ProductController
2021-03-20 17:19:27,671 INFO com.vtt.apps.controller.ProductController [http-nio-8080-exec-4] Executing fetchBestSellerVttProducts in ProductController
2021-03-20 17:19:27,672 INFO com.vtt.apps.controller.CategoryController [http-nio-8080-exec-5] Executing retrieveAll in CategoryController
2021-03-20 17:19:34,109 INFO com.vtt.apps.controller.UserDetailsController [http-nio-8080-exec-6] Executing validateUser in UsersController
2021-03-20 17:19:34,299 WARN org.springframework.web.servlet.handler.AbstractHandlerExceptionResolver [http-nio-8080-exec-6] Resolved [org.springframework.dao.IncorrectResultSizeDataAccessException: query did not return a unique result: 2; nested exception is javax.persistence.NonUniqueResultException: query did not return a unique result: 2]
2021-03-20 17:20:04,349 INFO com.vtt.apps.controller.UserDetailsController [http-nio-8080-exec-7] Executing validateUser in UsersController
2021-03-20 17:20:04,359 WARN org.springframework.web.servlet.handler.AbstractHandlerExceptionResolver [http-nio-8080-exec-7] Resolved [org.springframework.dao.IncorrectResultSizeDataAccessException: query did not return a unique result: 2; nested exception is javax.persistence.NonUniqueResultException: query did not return a unique result: 2]
2021-03-20 17:20:10,834 INFO com.vtt.apps.controller.UserDetailsController [http-nio-8080-exec-8] Executing validateUser in UsersController
2021-03-20 17:20:10,846 INFO com.vtt.apps.controller.UserDetailsController [http-nio-8080-exec-8]  UserDetails :--> Optional[com.vtt.apps.model.UserDetails@3609c637]
2021-03-20 17:20:11,246 INFO com.vtt.apps.controller.ProductController [http-nio-8080-exec-9] Executing fetchBestSellerVttProducts in ProductController
2021-03-20 17:20:11,246 INFO com.vtt.apps.controller.CategoryController [http-nio-8080-exec-10] Executing retrieveAll in CategoryController
2021-03-20 17:20:59,160 INFO com.vtt.apps.controller.UserDetailsController [http-nio-8080-exec-1] Executing create in UsersController user : com.vtt.apps.model.UserDetails@69520c50
2021-03-20 17:20:59,664 INFO com.vtt.apps.controller.CategoryController [http-nio-8080-exec-3] Executing retrieveAll in CategoryController
2021-03-20 17:20:59,664 INFO com.vtt.apps.controller.ProductController [http-nio-8080-exec-2] Executing fetchBestSellerVttProducts in ProductController
2021-03-20 17:21:54,622 INFO com.vtt.apps.controller.UserDetailsController [http-nio-8080-exec-4] Executing validateUser in UsersController
2021-03-20 17:21:54,625 INFO com.vtt.apps.controller.UserDetailsController [http-nio-8080-exec-4]  UserDetails :--> Optional[com.vtt.apps.model.UserDetails@22282035]
2021-03-20 17:21:54,874 INFO com.vtt.apps.controller.ProductController [http-nio-8080-exec-5] Executing fetchBestSellerVttProducts in ProductController
2021-03-20 17:21:55,009 INFO com.vtt.apps.controller.CategoryController [http-nio-8080-exec-6] Executing retrieveAll in CategoryController
2021-03-20 17:24:20,488 INFO com.vtt.apps.controller.ProductController [http-nio-8080-exec-7] Executing fetchBestSellerVttProducts in ProductController
2021-03-20 17:24:28,449 INFO com.vtt.apps.controller.ProductController [http-nio-8080-exec-8] Executing fetchBestSellerVttProducts in ProductController
2021-03-20 17:24:33,481 INFO com.vtt.apps.controller.ProductController [http-nio-8080-exec-9] Executing fetchBestSellerVttProducts in ProductController
2021-03-20 17:24:34,499 INFO com.vtt.apps.controller.ProductController [http-nio-8080-exec-10] Executing fetchBestSellerVttProducts in ProductController
2021-03-20 17:24:40,525 INFO com.vtt.apps.controller.ProductController [http-nio-8080-exec-1] Executing fetchBestSellerVttProducts in ProductController
2021-03-20 17:25:04,574 INFO com.vtt.apps.controller.ProductController [http-nio-8080-exec-2] Executing fetchBestSellerVttProducts in ProductController
2021-03-20 17:26:55,321 INFO com.vtt.apps.controller.ProductController [http-nio-8080-exec-6] Executing fetchBestSellerVttProducts in ProductController
2021-03-20 17:27:02,980 INFO com.vtt.apps.controller.ProductController [http-nio-8080-exec-8] Executing fetchBestSellerVttProducts in ProductController
2021-03-20 17:27:03,459 INFO com.vtt.apps.controller.ProductController [http-nio-8080-exec-10] Executing fetchBestSellerVttProducts in ProductController
2021-03-20 17:27:45,932 INFO com.vtt.apps.controller.UserDetailsController [http-nio-8080-exec-1] Executing create in UsersController user : com.vtt.apps.model.UserDetails@5d1dc17f
2021-03-20 17:27:46,027 INFO com.vtt.apps.controller.ProductController [http-nio-8080-exec-2] Executing fetchBestSellerVttProducts in ProductController
2021-03-20 17:27:46,297 INFO com.vtt.apps.controller.CategoryController [http-nio-8080-exec-3] Executing retrieveAll in CategoryController
2021-03-20 19:05:37,627 WARN com.zaxxer.hikari.pool.HikariPool$HouseKeeper [HikariPool-1 housekeeper] HikariPool-1 - Thread starvation or clock leap detected (housekeeper delta=46m55s996ms737µs200ns).
2021-03-20 19:06:03,740 WARN sun.util.logging.internal.LoggingProviderImpl$JULWrapper [RMI TCP Connection(3)-127.0.0.1] The server has decided to close this client connection.
2021-03-20 22:42:00,017 WARN com.zaxxer.hikari.pool.HikariPool$HouseKeeper [HikariPool-1 housekeeper] HikariPool-1 - Thread starvation or clock leap detected (housekeeper delta=2h43m51s742ms48µs100ns).
